   Compiling llvm-rust v0.1.0 (/home/user/llvm-rust)
warning: variant `X86_AMX` should have an upper camel case name
  --> src/types.rs:35:5
   |
35 |     X86_AMX,
   |     ^^^^^^^ help: convert the identifier to upper camel case: `X86Amx`
   |
   = note: `#[warn(non_camel_case_types)]` (part of `#[warn(nonstandard_style)]`) on by default

warning: variant `Webkit_JS` should have an upper camel case name
  --> src/function.rs:19:5
   |
19 |     Webkit_JS,                 // webkit_jscc
   |     ^^^^^^^^^ help: convert the identifier to upper camel case: `WebkitJs`

warning: variant `CXX_FastTLS` should have an upper camel case name
  --> src/function.rs:23:5
   |
23 |     CXX_FastTLS,               // cxx_fast_tlscc
   |     ^^^^^^^^^^^ help: convert the identifier to upper camel case: `CxxFastTls`

warning: variant `X86_StdCall` should have an upper camel case name
  --> src/function.rs:28:5
   |
28 |     X86_StdCall,               // x86_stdcallcc
   |     ^^^^^^^^^^^ help: convert the identifier to upper camel case: `X86StdCall`

warning: variant `X86_FastCall` should have an upper camel case name
  --> src/function.rs:29:5
   |
29 |     X86_FastCall,              // x86_fastcallcc
   |     ^^^^^^^^^^^^ help: convert the identifier to upper camel case: `X86FastCall`

warning: variant `X86_ThisCall` should have an upper camel case name
  --> src/function.rs:30:5
   |
30 |     X86_ThisCall,              // x86_thiscallcc
   |     ^^^^^^^^^^^^ help: convert the identifier to upper camel case: `X86ThisCall`

warning: variant `X86_VectorCall` should have an upper camel case name
  --> src/function.rs:31:5
   |
31 |     X86_VectorCall,            // x86_vectorcallcc
   |     ^^^^^^^^^^^^^^ help: convert the identifier to upper camel case: `X86VectorCall`

warning: variant `X86_RegCall` should have an upper camel case name
  --> src/function.rs:32:5
   |
32 |     X86_RegCall,               // x86_regcallcc
   |     ^^^^^^^^^^^ help: convert the identifier to upper camel case: `X86RegCall`

warning: variant `ARM_APCS` should have an upper camel case name
  --> src/function.rs:33:5
   |
33 |     ARM_APCS,                  // arm_apcscc
   |     ^^^^^^^^ help: convert the identifier to upper camel case: `ArmApcs`

warning: variant `ARM_AAPCS` should have an upper camel case name
  --> src/function.rs:34:5
   |
34 |     ARM_AAPCS,                 // arm_aapcscc
   |     ^^^^^^^^^ help: convert the identifier to upper camel case: `ArmAapcs`

warning: variant `ARM_AAPCS_VFP` should have an upper camel case name
  --> src/function.rs:35:5
   |
35 |     ARM_AAPCS_VFP,             // arm_aapcs_vfpcc
   |     ^^^^^^^^^^^^^ help: convert the identifier to upper camel case: `ArmAapcsVfp`

warning: variant `AArch64_VectorCall` should have an upper camel case name
  --> src/function.rs:36:5
   |
36 |     AArch64_VectorCall,        // aarch64_vector_pcs
   |     ^^^^^^^^^^^^^^^^^^ help: convert the identifier to upper camel case: `Aarch64VectorCall`

warning: variant `AArch64_SVE_VectorCall` should have an upper camel case name
  --> src/function.rs:37:5
   |
37 |     AArch64_SVE_VectorCall,    // aarch64_sve_vector_pcs
   |     ^^^^^^^^^^^^^^^^^^^^^^ help: convert the identifier to upper camel case: `Aarch64SveVectorCall`

warning: variant `AMDGPU_Kernel` should have an upper camel case name
  --> src/function.rs:38:5
   |
38 |     AMDGPU_Kernel,             // amdgpu_kernel
   |     ^^^^^^^^^^^^^ help: convert the identifier to upper camel case: `AmdgpuKernel`

warning: variant `AMDGPU_VS` should have an upper camel case name
  --> src/function.rs:39:5
   |
39 |     AMDGPU_VS,                 // amdgpu_vs
   |     ^^^^^^^^^ help: convert the identifier to upper camel case: `AmdgpuVs`

warning: variant `AMDGPU_GS` should have an upper camel case name
  --> src/function.rs:40:5
   |
40 |     AMDGPU_GS,                 // amdgpu_gs
   |     ^^^^^^^^^ help: convert the identifier to upper camel case: `AmdgpuGs`

warning: variant `AMDGPU_PS` should have an upper camel case name
  --> src/function.rs:41:5
   |
41 |     AMDGPU_PS,                 // amdgpu_ps
   |     ^^^^^^^^^ help: convert the identifier to upper camel case: `AmdgpuPs`

warning: variant `AMDGPU_CS` should have an upper camel case name
  --> src/function.rs:42:5
   |
42 |     AMDGPU_CS,                 // amdgpu_cs
   |     ^^^^^^^^^ help: convert the identifier to upper camel case: `AmdgpuCs`

warning: variant `AMDGPU_HS` should have an upper camel case name
  --> src/function.rs:43:5
   |
43 |     AMDGPU_HS,                 // amdgpu_hs
   |     ^^^^^^^^^ help: convert the identifier to upper camel case: `AmdgpuHs`

warning: variant `AMDGPU_LS` should have an upper camel case name
  --> src/function.rs:44:5
   |
44 |     AMDGPU_LS,                 // amdgpu_ls
   |     ^^^^^^^^^ help: convert the identifier to upper camel case: `AmdgpuLs`

warning: variant `AMDGPU_ES` should have an upper camel case name
  --> src/function.rs:45:5
   |
45 |     AMDGPU_ES,                 // amdgpu_es
   |     ^^^^^^^^^ help: convert the identifier to upper camel case: `AmdgpuEs`

warning: variant `AMDGPU_CS_Chain` should have an upper camel case name
  --> src/function.rs:46:5
   |
46 |     AMDGPU_CS_Chain,           // amdgpu_cs_chain
   |     ^^^^^^^^^^^^^^^ help: convert the identifier to upper camel case: `AmdgpuCsChain`

warning: variant `AMDGPU_CS_Chain_Preserve` should have an upper camel case name
  --> src/function.rs:47:5
   |
47 |     AMDGPU_CS_Chain_Preserve,  // amdgpu_cs_chain_preserve
   |     ^^^^^^^^^^^^^^^^^^^^^^^^ help: convert the identifier to upper camel case: `AmdgpuCsChainPreserve`

warning: variant `AMDGPU_GFX_Whole_Wave` should have an upper camel case name
  --> src/function.rs:48:5
   |
48 |     AMDGPU_GFX_Whole_Wave,     // amdgpu_gfx_whole_wave
   |     ^^^^^^^^^^^^^^^^^^^^^ help: convert the identifier to upper camel case: `AmdgpuGfxWholeWave`

warning: variant `SPIR_Kernel` should have an upper camel case name
  --> src/function.rs:49:5
   |
49 |     SPIR_Kernel,               // spir_kernel
   |     ^^^^^^^^^^^ help: convert the identifier to upper camel case: `SpirKernel`

warning: variant `SPIR_Func` should have an upper camel case name
  --> src/function.rs:50:5
   |
50 |     SPIR_Func,                 // spir_func
   |     ^^^^^^^^^ help: convert the identifier to upper camel case: `SpirFunc`

warning: variant `Intel_OCL_BI` should have an upper camel case name
  --> src/function.rs:51:5
   |
51 |     Intel_OCL_BI,              // intel_ocl_bicc
   |     ^^^^^^^^^^^^ help: convert the identifier to upper camel case: `IntelOclBi`

warning: variant `PTX_Kernel` should have an upper camel case name
  --> src/function.rs:52:5
   |
52 |     PTX_Kernel,                // ptx_kernel
   |     ^^^^^^^^^^ help: convert the identifier to upper camel case: `PtxKernel`

warning: variant `PTX_Device` should have an upper camel case name
  --> src/function.rs:53:5
   |
53 |     PTX_Device,                // ptx_device
   |     ^^^^^^^^^^ help: convert the identifier to upper camel case: `PtxDevice`

warning: unused import: `std::collections::HashSet`
 --> src/verification.rs:6:5
  |
6 | use std::collections::HashSet;
  |     ^^^^^^^^^^^^^^^^^^^^^^^^^
  |
  = note: `#[warn(unused_imports)]` (part of `#[warn(unused)]`) on by default

warning: unused import: `crate::metadata::Metadata`
   --> src/verification.rs:252:13
    |
252 |         use crate::metadata::Metadata;
    |             ^^^^^^^^^^^^^^^^^^^^^^^^^

warning: variant `R_X86_64_64` should have an upper camel case name
   --> src/codegen/elf.rs:140:5
    |
140 |     R_X86_64_64,
    |     ^^^^^^^^^^^ help: convert the identifier to upper camel case: `RX86_64_64`

warning: variant `R_X86_64_PC32` should have an upper camel case name
   --> src/codegen/elf.rs:142:5
    |
142 |     R_X86_64_PC32,
    |     ^^^^^^^^^^^^^ help: convert the identifier to upper camel case: `RX86_64Pc32`

warning: variant `R_X86_64_GOT32` should have an upper camel case name
   --> src/codegen/elf.rs:144:5
    |
144 |     R_X86_64_GOT32,
    |     ^^^^^^^^^^^^^^ help: convert the identifier to upper camel case: `RX86_64Got32`

warning: variant `R_X86_64_PLT32` should have an upper camel case name
   --> src/codegen/elf.rs:146:5
    |
146 |     R_X86_64_PLT32,
    |     ^^^^^^^^^^^^^^ help: convert the identifier to upper camel case: `RX86_64Plt32`

warning: unused import: `crate::types::Type`
   --> src/validation_rules.rs:323:9
    |
323 |     use crate::types::Type;
    |         ^^^^^^^^^^^^^^^^^^

warning: unused variable: `packed`
   --> src/types.rs:333:40
    |
333 |             TypeData::Struct { fields, packed, .. } => {
    |                                        ^^^^^^-
    |                                        |
    |                                        help: try removing the field
    |
    = note: `#[warn(unused_variables)]` (part of `#[warn(unused)]`) on by default

warning: unused variable: `location`
  --> src/verification.rs:66:52
   |
66 |             VerificationError::InvalidSSA { value, location } =>
   |                                                    ^^^^^^^^ help: try ignoring the field: `location: _`

warning: temporary lifetime will be shortened in Rust 1.92
    --> src/verification.rs:1309:73
     |
1309 | ...                   if src_is_ptr { "ptr" } else { &format!("{:?}", src_type) },
     |                                                       ^^^^^^^^^^^^^^^^^^^^^^^^^ - ...which will be dropped at the end of this block in Rust 1.92
     |                                                       |
     |                                                       this expression creates a temporary value...
     |
     = warning: this was previously accepted by the compiler but is being phased out; it will become a hard error in a future release!
     = note: for more information, see <https://doc.rust-lang.org/rustc/lints/listing/warn-by-default.html#macro-extended-temporary-scopes>
     = note: consider using a `let` binding to create a longer lived value
     = note: some temporaries were previously incorrectly lifetime-extended since Rust 1.89 in formatting macros, and since Rust 1.88 in `pin!()`
     = note: `#[warn(macro_extended_temporary_scopes)]` (part of `#[warn(future_incompatible)]`) on by default
     = note: this warning originates in the macro `format` (in Nightly builds, run with -Z macro-backtrace for more info)

warning: temporary lifetime will be shortened in Rust 1.92
    --> src/verification.rs:1310:65
     |
1310 | ...                   if dst_is_vec_of_ptr { &format!("{:?}", dst_type) } else { "ptr" }),
     |                                               ^^^^^^^^^^^^^^^^^^^^^^^^^ - ...which will be dropped at the end of this block in Rust 1.92
     |                                               |
     |                                               this expression creates a temporary value...
     |
     = warning: this was previously accepted by the compiler but is being phased out; it will become a hard error in a future release!
     = note: for more information, see <https://doc.rust-lang.org/rustc/lints/listing/warn-by-default.html#macro-extended-temporary-scopes>
     = note: consider using a `let` binding to create a longer lived value
     = note: some temporaries were previously incorrectly lifetime-extended since Rust 1.89 in formatting macros, and since Rust 1.88 in `pin!()`
     = note: this warning originates in the macro `format` (in Nightly builds, run with -Z macro-backtrace for more info)

warning: unused variable: `inst`
    --> src/verification.rs:3729:43
     |
3729 |     fn verify_intrinsic_immarg(&mut self, inst: &Instruction, intrinsic_name: &str, operands: &[Value]) {
     |                                           ^^^^ help: if this is intentional, prefix it with an underscore: `_inst`

warning: unused variable: `inst`
    --> src/verification.rs:4080:42
     |
4080 |     fn verify_intrinsic_bswap(&mut self, inst: &Instruction, intrinsic_name: &str, operands: &[Value]) {
     |                                          ^^^^ help: if this is intentional, prefix it with an underscore: `_inst`

warning: unused variable: `param_idx`
   --> src/validation_rules.rs:184:93
    |
184 |     fn check_attribute_exclusivity(&mut self, attrs: &ParameterAttributes, func_name: &str, param_idx: usize) {
    |                                                                                             ^^^^^^^^^
    |
help: if this is intentional, prefix it with an underscore
    |
184 |     fn check_attribute_exclusivity(&mut self, attrs: &ParameterAttributes, func_name: &str, _param_idx: usize) {
    |                                                                                             +
help: you might have meant to pattern match on the similarly named constant `MAX_SKIP`
    |
184 -     fn check_attribute_exclusivity(&mut self, attrs: &ParameterAttributes, func_name: &str, param_idx: usize) {
184 +     fn check_attribute_exclusivity(&mut self, attrs: &ParameterAttributes, func_name: &str, parser::Parser::skip_until_newline_or_semicolon::MAX_SKIP: usize) {
    |

warning: unused variable: `param_idx`
   --> src/validation_rules.rs:222:9
    |
222 |         param_idx: usize,
    |         ^^^^^^^^^
    |
help: if this is intentional, prefix it with an underscore
    |
222 |         _param_idx: usize,
    |         +
help: you might have meant to pattern match on the similarly named constant `MAX_SKIP`
    |
222 -         param_idx: usize,
222 +         parser::Parser::skip_until_newline_or_semicolon::MAX_SKIP: usize,
    |

warning: unreachable pattern
    --> src/parser.rs:2366:13
     |
1589 | /             Opcode::Add | Opcode::Sub | Opcode::Mul | Opcode::UDiv | Opcode::SDiv |
1590 | |             Opcode::URem | Opcode::SRem | Opcode::Shl | Opcode::LShr | Opcode::AShr |
1591 | |             Opcode::And | Opcode::Or | Opcode::Xor |
1592 | |             Opcode::FAdd | Opcode::FSub | Opcode::FMul | Opcode::FDiv | Opcode::FRem => {
     | |____________________________________________________________________________________- matches all the relevant values
...
2366 | /             Opcode::Add | Opcode::FAdd | Opcode::Sub | Opcode::FSub | Opcode::Mul | Opcode::FMul |
2367 | |             Opcode::UDiv | Opcode::SDiv | Opcode::FDiv | Opcode::URem | Opcode::SRem | Opcode::FRem |
2368 | |             Opcode::Shl | Opcode::LShr | Opcode::AShr |
2369 | |             Opcode::And | Opcode::Or | Opcode::Xor => {
     | |__________________________________________________^ no value can reach this
     |
     = note: `#[warn(unreachable_patterns)]` (part of `#[warn(unused)]`) on by default

warning: unused variable: `operands`
   --> src/cfg.rs:112:29
    |
112 |                         let operands = term.operands();
    |                             ^^^^^^^^ help: if this is intentional, prefix it with an underscore: `_operands`

warning: unused variable: `func`
   --> src/validation_rules.rs:330:13
    |
330 |         let func = Function::new("test".to_string(), func_type);
    |             ^^^^ help: if this is intentional, prefix it with an underscore: `_func`

warning: unused variable: `sym`
   --> src/codegen/x86_64/instruction_selection.rs:148:39
    |
148 |                 ValueLocation::Symbol(sym) => {
    |                                       ^^^ help: if this is intentional, prefix it with an underscore: `_sym`

warning: unused variable: `free_regs`
   --> src/codegen/register_allocator.rs:171:9
    |
171 |         free_regs: &mut Vec<PReg>,
    |         ^^^^^^^^^ help: if this is intentional, prefix it with an underscore: `_free_regs`

warning: method `verify_debug_info` is never used
    --> src/verification.rs:2222:8
     |
 125 | impl<'a> Verifier<'a> {
     | --------------------- method in this implementation
...
2222 |     fn verify_debug_info(&mut self, _debug_info: &crate::metadata::DebugInfo, _location: &str) {
     |        ^^^^^^^^^^^^^^^^^
     |
     = note: `#[warn(dead_code)]` (part of `#[warn(unused)]`) on by default

warning: methods `skip_parameter_attributes`, `skip_load_store_attributes`, `skip_to_matching_paren`, and `skip_until_newline_or_semicolon` are never used
    --> src/parser.rs:4381:8
     |
  53 | impl Parser {
     | ----------- methods in this implementation
...
4381 |     fn skip_parameter_attributes(&mut self) {
     |        ^^^^^^^^^^^^^^^^^^^^^^^^^
...
5115 |     fn skip_load_store_attributes(&mut self) {
     |        ^^^^^^^^^^^^^^^^^^^^^^^^^^
...
5124 |     fn skip_to_matching_paren(&mut self) {
     |        ^^^^^^^^^^^^^^^^^^^^^^
...
5154 |     fn skip_until_newline_or_semicolon(&mut self) {
     |        ^^^^^^^^^^^^^^^^^^^^^^^^^^^^^^^

warning: methods `sort_passes` and `topological_sort` are never used
   --> src/passes.rs:153:8
    |
120 | impl PassManager {
    | ---------------- methods in this implementation
...
153 |     fn sort_passes(&mut self) -> PassResult<()> {
    |        ^^^^^^^^^^^
...
172 |     fn topological_sort(&self, pass_info: &[(String, Vec<String>)]) -> PassResult<Vec<usize>> {
    |        ^^^^^^^^^^^^^^^^

warning: field `reg_map` is never read
  --> src/codegen/x86_64/mod.rs:22:5
   |
20 | pub struct X86_64TargetMachine {
   |            ------------------- field in this struct
21 |     /// Function to register mapping
22 |     reg_map: HashMap<String, X86Register>,
   |     ^^^^^^^

warning: field `next_temp` is never read
  --> src/codegen/x86_64/instruction_selection.rs:14:5
   |
11 | pub struct InstructionSelector {
   |            ------------------- field in this struct
...
14 |     next_temp: usize,
   |     ^^^^^^^^^

warning: field `strings` is never read
  --> src/codegen/elf.rs:74:5
   |
66 | pub struct ElfObjectFile {
   |            ------------- field in this struct
...
74 |     strings: Vec<String>,
   |     ^^^^^^^

warning: creating a shared reference to mutable static
   --> src/passes.rs:108:13
    |
108 |             REGISTRY.clone().unwrap()
    |             ^^^^^^^^^^^^^^^^ shared reference to mutable static
    |
    = note: for more information, see <https://doc.rust-lang.org/edition-guide/rust-2024/static-mut-references.html>
    = note: shared references to mutable statics are dangerous; it's undefined behavior if the static is mutated or if a mutable reference is created for it while the shared reference lives
    = note: `#[warn(static_mut_refs)]` (part of `#[warn(rust_2024_compatibility)]`) on by default

warning: `llvm-rust` (lib) generated 54 warnings (run `cargo fix --lib -p llvm-rust` to apply 5 suggestions)
warning: unused import: `Module`
 --> tests/hello_world_test.rs:5:26
  |
5 | use llvm_rust::{Context, Module, parse};
  |                          ^^^^^^
  |
  = note: `#[warn(unused_imports)]` (part of `#[warn(unused)]`) on by default

warning: unused import: `std::path::Path`
  --> tests/hello_world_test.rs:12:5
   |
12 | use std::path::Path;
   |     ^^^^^^^^^^^^^^^

warning: `llvm-rust` (lib test) generated 56 warnings (54 duplicates) (run `cargo fix --lib -p llvm-rust --tests` to apply 1 suggestion)
warning: variable does not need to be mutable
  --> tests/pass_registry_tests.rs:98:9
   |
98 |     let mut func = Function::new("test".to_string(), fn_type);
   |         ----^^^^
   |         |
   |         help: remove this `mut`
   |
   = note: `#[warn(unused_mut)]` (part of `#[warn(unused)]`) on by default

warning: variable does not need to be mutable
   --> tests/pass_registry_tests.rs:122:9
    |
122 |     let mut func = Function::new("test".to_string(), fn_type);
    |         ----^^^^
    |         |
    |         help: remove this `mut`

warning: variable does not need to be mutable
   --> tests/pass_registry_tests.rs:151:9
    |
151 |     let mut func = Function::new("test".to_string(), fn_type);
    |         ----^^^^
    |         |
    |         help: remove this `mut`

warning: `llvm-rust` (test "hello_world_test") generated 2 warnings (run `cargo fix --test "hello_world_test"` to apply 2 suggestions)
warning: `llvm-rust` (test "pass_registry_tests") generated 3 warnings (run `cargo fix --test "pass_registry_tests"` to apply 3 suggestions)
warning: unused import: `codegen`
 --> tests/codegen_integration_test.rs:1:65
  |
1 | use llvm_rust::{Context, Module, Function, BasicBlock, Builder, codegen};
  |                                                                 ^^^^^^^
  |
  = note: `#[warn(unused_imports)]` (part of `#[warn(unused)]`) on by default

warning: unused variable: `void_type`
  --> tests/end_to_end_test.rs:14:9
   |
14 |     let void_type = ctx.void_type();
   |         ^^^^^^^^^ help: if this is intentional, prefix it with an underscore: `_void_type`
   |
   = note: `#[warn(unused_variables)]` (part of `#[warn(unused)]`) on by default

warning: `llvm-rust` (test "codegen_integration_test") generated 1 warning (run `cargo fix --test "codegen_integration_test"` to apply 1 suggestion)
warning: `llvm-rust` (test "end_to_end_test") generated 1 warning
    Finished `test` profile [unoptimized + debuginfo] target(s) in 9.74s
     Running unittests src/lib.rs (target/debug/deps/llvm_rust-14a58d34e133abc4)

running 69 tests
test analysis::tests::test_dominator_tree ... ok
test attributes::tests::test_function_attribute_display ... ok
test analysis::tests::test_loop_info ... ok
test attributes::tests::test_function_attribute_set ... ok
test attributes::tests::test_parameter_attribute_display ... ok
test attributes::tests::test_parameter_attribute_set ... ok
test basic_block::tests::test_add_instruction ... ok
test basic_block::tests::test_basic_block_creation ... ok
test basic_block::tests::test_terminator ... ok
test builder::tests::test_build_add ... ok
test builder::tests::test_builder_creation ... ok
test builder::tests::test_position_at_end ... ok
test cfg::tests::test_cfg_creation ... ok
test cfg::tests::test_reachable_blocks ... ok
test codegen::external_functions::tests::test_ffi_helper ... ok
test codegen::external_functions::tests::test_function_lookup ... ok
test codegen::external_functions::tests::test_stdlib_registration ... ok
test codegen::linker::tests::test_linker_creation ... ok
test codegen::register_allocator::tests::test_expire_intervals ... ok
test codegen::register_allocator::tests::test_linear_scan_simple ... ok
test codegen::register_allocator::tests::test_linear_scan_with_spilling ... ok
test codegen::register_allocator::tests::test_register_allocator_creation ... ok
test codegen::register_allocator::tests::test_virtual_register_allocation ... ok
test codegen::linker::tests::test_crt_files_exist ... ok
test codegen::runtime::tests::test_generate_crt_init ... ok
test codegen::runtime::tests::test_generate_start_entry ... ok
test codegen::runtime::tests::test_program_header_bytes ... ok
test codegen::runtime::tests::test_program_headers ... ok
test codegen::stack_frame::tests::test_allocate_local ... ok
test codegen::stack_frame::tests::test_allocate_spill ... ok
test codegen::stack_frame::tests::test_calling_convention ... ok
test codegen::stack_frame::tests::test_epilogue_generation ... ok
test codegen::stack_frame::tests::test_frame_size_alignment ... ok
test codegen::stack_frame::tests::test_prologue_generation ... ok
test codegen::stack_frame::tests::test_stack_frame_creation ... ok
test function::tests::test_add_basic_block ... ok
test function::tests::test_function_creation ... ok
test instruction::tests::test_instruction_is_binary_op ... ok
test instruction::tests::test_instruction_is_terminator ... ok
test intrinsics::tests::test_intrinsic_has_side_effects ... ok
test intrinsics::tests::test_intrinsic_is_overloaded ... ok
test intrinsics::tests::test_intrinsic_name ... ok
test lexer::tests::test_integer_types ... ok
test lexer::tests::test_simple_tokens ... ok
test lexer::tests::test_numbers ... ok
test metadata::tests::test_int_metadata ... ok
test metadata::tests::test_string_metadata ... ok
test metadata::tests::test_tuple_metadata ... ok
test module::tests::test_add_function ... ok
test module::tests::test_module_creation ... ok
test parser::tests::test_parse_function_with_return ... ok
test parser::tests::test_parse_simple_function ... ok
test passes::tests::test_pass_manager_creation ... ok
test printer::tests::test_print_empty_module ... ok
test printer::tests::test_print_function ... ok
test transforms::tests::test_mem2reg_pass ... ok
test transforms::tests::test_dce_pass ... ok
test types::tests::test_array_type ... ok
test types::tests::test_float_types ... ok
test types::tests::test_function_type ... ok
test types::tests::test_integer_types ... ok
test types::tests::test_pointer_type ... ok
test validation_rules::tests::test_attribute_incompatibility_byval_byref ... ok
test validation_rules::tests::test_amdgpu_kernel_no_sret ... ok
test value::tests::test_constant_float ... ok
test value::tests::test_constant_int ... ok
test verification::tests::test_verify_empty_module ... ok
test value::tests::test_null_pointer ... ok
test verification::tests::test_verify_function_without_terminator ... ok

test result: ok. 69 passed; 0 failed; 0 ignored; 0 measured; 0 filtered out; finished in 0.02s

     Running unittests src/bin/test_llvm_used.rs (target/debug/deps/test_llvm_used-32d374ff13306abe)

running 0 tests

test result: ok. 0 passed; 0 failed; 0 ignored; 0 measured; 0 filtered out; finished in 0.00s

     Running unittests src/bin/test_parser.rs (target/debug/deps/test_parser-af4374011246fe5c)

running 0 tests

test result: ok. 0 passed; 0 failed; 0 ignored; 0 measured; 0 filtered out; finished in 0.00s

     Running unittests src/bin/test_verify.rs (target/debug/deps/test_verify-1d08ad67072ab865)

running 0 tests

test result: ok. 0 passed; 0 failed; 0 ignored; 0 measured; 0 filtered out; finished in 0.00s

     Running tests/alloca_metadata_test.rs (target/debug/deps/alloca_metadata_test-ca2b34312405506d)

running 2 tests
test test_alloca_with_metadata ... ok
test test_alloca_align_and_addrspace_and_metadata ... ok

test result: ok. 2 passed; 0 failed; 0 ignored; 0 measured; 0 filtered out; finished in 0.00s

     Running tests/atomic_bisect.rs (target/debug/deps/atomic_bisect-b4155c4b63ff4fc8)

running 3 tests
test test_cmpxchg_with_syncscope ... ok
test test_store_then_cmpxchg ... ok
test test_multiple_cmpxchg ... ok

test result: ok. 3 passed; 0 failed; 0 ignored; 0 measured; 0 filtered out; finished in 0.00s

     Running tests/atomic_full_test.rs (target/debug/deps/atomic_full_test-3be8ec2e0f247095)

running 1 test
test test_atomic_full_sequence ... ok

test result: ok. 1 passed; 0 failed; 0 ignored; 0 measured; 0 filtered out; finished in 0.00s

     Running tests/atomic_load_test.rs (target/debug/deps/atomic_load_test-880336361a68126b)

running 1 test
test test_atomic_load_unordered ... ok

test result: ok. 1 passed; 0 failed; 0 ignored; 0 measured; 0 filtered out; finished in 0.00s

     Running tests/cfg_landingpad_validation_tests.rs (target/debug/deps/cfg_landingpad_validation_tests-cdf03e5ac98835d8)

running 24 tests
test test_invalid_landingpad_not_first ... ignored
test test_invalid_multiple_landingpads ... ignored
test test_invalid_resume_wrong_operand_count ... ignored
test test_invalid_resume_wrong_type ... ignored
test test_invalid_unreachable_block ... ignored
test test_valid_catchpad ... ignored
test test_cfg_validation_summary ... ok
test test_valid_cleanuppad ... ignored
test test_valid_catch_pattern ... ok
test test_comprehensive_exception_handling ... ok
test test_valid_conditional_cfg ... ok
test test_valid_cleanup_pattern ... ok
test test_valid_entry_block_first ... ok
test test_valid_invoke ... ok
test test_valid_invoke_return_value ... ok
test test_valid_invoke_with_args ... ok
test test_valid_landingpad_first_instruction ... ok
test test_valid_loop_cfg ... ok
test test_valid_multiple_invoke ... ok
test test_valid_personality_function ... ok
test test_valid_phi_nodes ... ok
test test_valid_resume ... ok
test test_valid_simple_cfg ... ok
test test_valid_switch_cfg ... ok

test result: ok. 17 passed; 0 failed; 7 ignored; 0 measured; 0 filtered out; finished in 0.01s

     Running tests/codegen_integration_test.rs (target/debug/deps/codegen_integration_test-75b754e9b3bf93c8)

running 6 tests
test test_elf_object_file_creation ... ok
test test_comprehensive_instruction_selection ... ok
test test_external_function_registry ... ok
test test_ffi_call_generation ... ok
test test_linker_basic ... ok
test test_x86_64_assembly_generation ... ok

test result: ok. 6 passed; 0 failed; 0 ignored; 0 measured; 0 filtered out; finished in 0.00s

     Running tests/complex_pointer_parsing_tests.rs (target/debug/deps/complex_pointer_parsing_tests-6fac94de0bfa0e75)

running 14 tests
test test_parse_array_of_pointers ... ok
test test_parse_double_pointer ... ok
test test_parse_function_with_pointer_args ... ok
test test_parse_nested_pointer_with_addrspace ... ok
test test_parse_opaque_pointer_with_addrspace ... ok
test test_parse_pointer_to_array ... ok
test test_parse_pointer_to_function ... ok
test test_parse_pointer_to_struct ... ok
test test_parse_pointer_with_addrspace ... ok
test test_parse_simple_pointer ... ok
test test_parse_struct_with_pointers ... ok
test test_parse_triple_pointer ... ok
test test_parse_typed_pointer ... ok
test test_parse_vector_of_pointers ... ok

test result: ok. 14 passed; 0 failed; 0 ignored; 0 measured; 0 filtered out; finished in 0.01s

     Running tests/constant_folding_tests.rs (target/debug/deps/constant_folding_tests-18d60497ea9758c1)

running 11 tests
test test_fold_add ... ok
test test_fold_and ... ok
test test_division_by_zero_not_folded ... ok
test test_fold_div ... ok
test test_fold_float_add ... ok
test test_fold_mul ... ok
test test_fold_or ... ok
test test_fold_shift_left ... ok
test test_fold_sub ... ok
test test_fold_xor ... ok
test test_no_fold_non_constants ... ok

test result: ok. 11 passed; 0 failed; 0 ignored; 0 measured; 0 filtered out; finished in 0.00s

     Running tests/dce_tests.rs (target/debug/deps/dce_tests-0fb11d9009e19720)

running 8 tests
test test_keep_store_instruction ... ok
test test_no_dead_code ... ok
test test_remove_all_dead_arithmetic ... ok
test test_remove_dead_bitwise ... ok
test test_remove_dead_comparison ... ok
test test_remove_multiple_dead_instructions ... ok
test test_remove_unused_add ... ok
test test_terminators_not_removed ... ok

test result: ok. 8 passed; 0 failed; 0 ignored; 0 measured; 0 filtered out; finished in 0.00s

     Running tests/debug_cmpxchg.rs (target/debug/deps/debug_cmpxchg-6d8551575adf3e21)

running 2 tests
test test_cmpxchg_weak ... ok
test test_alloca_addrspace ... ok

test result: ok. 2 passed; 0 failed; 0 ignored; 0 measured; 0 filtered out; finished in 0.00s

     Running tests/debug_failing_test.rs (target/debug/deps/debug_failing_test-73ed39b0645e08dd)

running 2 tests
test test_escape_file ... ok
test test_2007_05_21_escape ... FAILED

failures:

---- test_2007_05_21_escape stdout ----

thread 'test_2007_05_21_escape' (5181) panicked at tests/debug_failing_test.rs:33:10:
Failed to read file: Os { code: 2, kind: NotFound, message: "No such file or directory" }
stack backtrace:
   0: __rustc::rust_begin_unwind
             at /rustc/ed61e7d7e242494fb7057f2657300d9e77bb4fcb/library/std/src/panicking.rs:698:5
   1: core::panicking::panic_fmt
             at /rustc/ed61e7d7e242494fb7057f2657300d9e77bb4fcb/library/core/src/panicking.rs:75:14
   2: core::result::unwrap_failed
             at /rustc/ed61e7d7e242494fb7057f2657300d9e77bb4fcb/library/core/src/result.rs:1855:5
   3: core::result::Result<T,E>::expect
             at /rustc/ed61e7d7e242494fb7057f2657300d9e77bb4fcb/library/core/src/result.rs:1178:23
   4: debug_failing_test::test_2007_05_21_escape
             at ./tests/debug_failing_test.rs:33:10
   5: debug_failing_test::test_2007_05_21_escape::{{closure}}
             at ./tests/debug_failing_test.rs:31:28
   6: core::ops::function::FnOnce::call_once
             at /rustc/ed61e7d7e242494fb7057f2657300d9e77bb4fcb/library/core/src/ops/function.rs:250:5
   7: core::ops::function::FnOnce::call_once
             at /rustc/ed61e7d7e242494fb7057f2657300d9e77bb4fcb/library/core/src/ops/function.rs:250:5
note: Some details are omitted, run with `RUST_BACKTRACE=full` for a verbose backtrace.


failures:
    test_2007_05_21_escape

test result: FAILED. 1 passed; 1 failed; 0 ignored; 0 measured; 0 filtered out; finished in 0.39s

error: test failed, to rerun pass `--test debug_failing_test`
